<?xml version="1.0" encoding="UTF-8"?>
<testng-results skipped="0" failed="0" ignored="0" total="1" passed="1">
  <reporter-output>
  </reporter-output>
  <suite name="Default suite" duration-ms="16105" started-at="2019-06-18T11:56:53Z" finished-at="2019-06-18T11:57:09Z">
    <groups>
    </groups>
    <test name="Default test" duration-ms="16105" started-at="2019-06-18T11:56:53Z" finished-at="2019-06-18T11:57:09Z">
      <class name="com.training.sanity.tests.ELTC_008">
        <test-method status="PASS" signature="setUpBeforeClass()[pri:0, instance:com.training.sanity.tests.ELTC_008@1593948d]" name="setUpBeforeClass" is-config="true" duration-ms="5355" started-at="2019-06-18T17:26:53Z" finished-at="2019-06-18T17:26:58Z">
          <reporter-output>
          </reporter-output>
        </test-method> <!-- setUpBeforeClass -->
        <test-method status="PASS" signature="validLoginTest()[pri:0, instance:com.training.sanity.tests.ELTC_008@1593948d]" name="validLoginTest" duration-ms="8971" started-at="2019-06-18T17:26:58Z" finished-at="2019-06-18T17:27:07Z">
          <reporter-output>
          </reporter-output>
        </test-method> <!-- validLoginTest -->
        <test-method status="PASS" signature="tearDown()[pri:0, instance:com.training.sanity.tests.ELTC_008@1593948d]" name="tearDown" is-config="true" duration-ms="1765" started-at="2019-06-18T17:27:07Z" finished-at="2019-06-18T17:27:09Z">
          <reporter-output>
          </reporter-output>
        </test-method> <!-- tearDown -->
      </class> <!-- com.training.sanity.tests.ELTC_008 -->
    </test> <!-- Default test -->
  </suite> <!-- Default suite -->
</testng-results>
